d:\c# amateur\btth6\btth6\debug\vc140.pdb
d:\c# amateur\btth6\btth6\debug\vc140.idb
d:\c# amateur\btth6\btth6\debug\b1.obj
d:\c# amateur\btth6\btth6\debug\b2.obj
d:\c# amateur\btth6\btth6\debug\b3.obj
d:\c# amateur\btth6\btth6\debug\b4.obj
d:\c# amateur\btth6\btth6\debug\b5.obj
d:\c# amateur\btth6\btth6\debug\b6.obj
d:\c# amateur\btth6\btth6\debug\b7.obj
d:\c# amateur\btth6\btth6\debug\b8.obj
d:\c# amateur\btth6\btth6\debug\b9.obj
d:\c# amateur\btth6\btth6\debug\source.obj
d:\c# amateur\btth6\btth6\debug\source1.obj
d:\c# amateur\btth6\btth6\debug\source2.obj
d:\c# amateur\btth6\btth6\debug\source3.obj
d:\c# amateur\btth6\btth6\debug\source4.obj
d:\c# amateur\btth6\debug\btth6.ilk
d:\c# amateur\btth6\debug\btth6.exe
d:\c# amateur\btth6\debug\btth6.pdb
d:\c# amateur\btth6\btth6\debug\btth6.tlog\cl.command.1.tlog
d:\c# amateur\btth6\btth6\debug\btth6.tlog\cl.read.1.tlog
d:\c# amateur\btth6\btth6\debug\btth6.tlog\cl.write.1.tlog
d:\c# amateur\btth6\btth6\debug\btth6.tlog\link.command.1.tlog
d:\c# amateur\btth6\btth6\debug\btth6.tlog\link.read.1.tlog
d:\c# amateur\btth6\btth6\debug\btth6.tlog\link.write.1.tlog
